C51 COMPILER V9.00   DELAY                                                                 01/18/2016 14:35:15 PAGE 1   


C51 COMPILER V9.00, COMPILATION OF MODULE DELAY
OBJECT MODULE PLACED IN delay.OBJ
COMPILER INVOKED BY: D:\keil 51\C51\BIN\C51.EXE delay.c BROWSE DEBUG OBJECTEXTEND

line level    source

   1          /******************************************************************************/
   2          /*                        -- 深圳安信可科技有限公司 --                        */
   3          /*
   4          //  文件名：                                                              
   5          //  说明：                                                                  
   6          //  编写人员：                                                                   
   7          //  编写日期：                                                              
   8          //  程序维护：
   9          //  维护记录：
  10          //
  11          //                                                          
  12          */ 
  13          // 免责声明：该程序仅用于学习与交流 
  14          // (c) Anxinke Corporation. All rights reserved.                                                          
             -     
  15          /******************************************************************************/
  16          #include<intrins.h>
  17          #include "delay.h"
  18          
  19          
  20          
  21          /******************************************************************************/
  22          // 函数名称： 
  23          // 输入参数： 
  24          // 输出参数： 
  25          // 函数功能： 
  26          /******************************************************************************/
  27          
  28          void Delay2ms()         //@22.1184MHz
  29          {
  30   1              unsigned char i, j;
  31   1      
  32   1              _nop_();
  33   1              i = 44;
  34   1              j = 4;
  35   1              do
  36   1              {
  37   2                      while (--j);
  38   2              } while (--i);
  39   1      }
  40          
  41          void Delay20us()                //@22.1184MHz
  42          {
  43   1              unsigned char i;
  44   1      
  45   1              i = 108;
  46   1              while (--i);
  47   1      }
  48          void Delay5000us()              //@22.1184MHz
  49          {
  50   1              unsigned char i, j;
  51   1      
  52   1              i = 108;
  53   1              j = 145;
  54   1              do
C51 COMPILER V9.00   DELAY                                                                 01/18/2016 14:35:15 PAGE 2   

  55   1              {
  56   2                      while (--j);
  57   2              } while (--i);
  58   1      }
  59          
  60          void Delay200ms()               //@22.1184MHz
  61          {
  62   1              unsigned char i, j, k;
  63   1      
  64   1              _nop_();
  65   1              _nop_();
  66   1              i = 17;
  67   1              j = 208;
  68   1              k = 27;
  69   1              do
  70   1              {
  71   2                      do
  72   2                      {
  73   3                              while (--k);
  74   3                      } while (--j);
  75   2              } while (--i);
  76   1      }
  77          /*
  78          void Delay100ms(void)       //@22.1184MHz
  79          {
  80                  unsigned char i, j, k;
  81                  _nop_();
  82                  _nop_();
  83                  i = 9;
  84                  j = 104;
  85                  k = 139;
  86                  do
  87                  {
  88                          do
  89                          {
  90                                  while (--k);
  91                          } while (--j);
  92                  } while (--i);
  93          }  */
  94          
  95          /******************************************************************************/
  96          // 函数名称： 
  97          // 输入参数： 
  98          // 输出参数： 
  99          // 函数功能： 
 100          /******************************************************************************/
 101          void Delay10us()                //@22.1184MHz
 102          {
 103   1              unsigned char i;
 104   1      
 105   1              _nop_();
 106   1              _nop_();
 107   1              _nop_();
 108   1              i = 52;
 109   1              while (--i);
 110   1      }
 111          
 112          void Delay1ms()         //@22.1184MHz
 113          {
 114   1              unsigned char i, j;
 115   1      
 116   1              _nop_();
C51 COMPILER V9.00   DELAY                                                                 01/18/2016 14:35:15 PAGE 3   

 117   1              _nop_();
 118   1              i = 22;
 119   1              j = 128;
 120   1              do
 121   1              {
 122   2                      while (--j);
 123   2              } while (--i);
 124   1      }
 125          


MODULE INFORMATION:   STATIC OVERLAYABLE
   CODE SIZE        =     58    ----
   CONSTANT SIZE    =   ----    ----
   XDATA SIZE       =   ----    ----
   PDATA SIZE       =   ----    ----
   DATA SIZE        =   ----    ----
   IDATA SIZE       =   ----    ----
   BIT SIZE         =   ----    ----
END OF MODULE INFORMATION.


C51 COMPILATION COMPLETE.  0 WARNING(S),  0 ERROR(S)
