C51 COMPILER V9.00   MAIN                                                                  01/18/2016 14:35:16 PAGE 1   


C51 COMPILER V9.00, COMPILATION OF MODULE MAIN
OBJECT MODULE PLACED IN main.OBJ
COMPILER INVOKED BY: D:\keil 51\C51\BIN\C51.EXE main.c BROWSE DEBUG OBJECTEXTEND

line level    source

   1          #include <reg51.h>
   2          #include "delay.h"
   3          #include<intrins.h>
   4          #include"stdio.h"
   5          #include"RF.h"
   6          
   7          #define uint8_t unsigned char
   8          sbit KEY_1=P3^0;
   9          sbit KEY_2=P3^1;
  10          
  11          /******************************************************************************/
  12          //            main
  13          //            main function body
  14          /******************************************************************************/
  15          void main(void)
  16          {  
  17   1          unsigned char ucData[8]={1,2,3,4,5,6,7,8},TransResult = 0;
  18   1              RF_Init();
  19   1          
  20   1          if(KEY_1==0)
  21   1              {
  22   2                      
  23   2                  IRQ_STATUS=0;
  24   2                      Delay2ms();
  25   2                      RF_TxMode();
  26   2                      if(KEY_1==0)
  27   2                      {
  28   3                              while(1)
  29   3                          {
  30   4                              
  31   4                                      ucRF_TxData(ucData,  PAYLOAD_WIDTH);
  32   4                                      Delay200ms();
  33   4                                      TEST_LED=1;
  34   4                                      Delay200ms();
  35   4                                      TEST_LED=0;
  36   4                                      
  37   4                              }
  38   3                      }
  39   2              }       
  40   1      
  41   1              if(KEY_2==0)
  42   1              {
  43   2                      Delay2ms();
  44   2                      RF_RxMode();
  45   2                      if(KEY_2==0)
  46   2                      {
  47   3                              while(1)
  48   3                          {
  49   4                              
  50   4                              TransResult = ucRF_DumpRxData(ucData, PAYLOAD_WIDTH);
  51   4                              if(TransResult)
  52   4                              {
  53   5                                      OK_LED=0;
  54   5                                      Delay200ms();
  55   5                                      OK_LED=1;
C51 COMPILER V9.00   MAIN                                                                  01/18/2016 14:35:16 PAGE 2   

  56   5                                      Delay200ms();
  57   5                              }
  58   4                              }
  59   3                      }
  60   2              }
  61   1              
  62   1      }


MODULE INFORMATION:   STATIC OVERLAYABLE
   CODE SIZE        =    104    ----
   CONSTANT SIZE    =      8    ----
   XDATA SIZE       =   ----    ----
   PDATA SIZE       =   ----    ----
   DATA SIZE        =   ----       9
   IDATA SIZE       =   ----    ----
   BIT SIZE         =   ----    ----
END OF MODULE INFORMATION.


C51 COMPILATION COMPLETE.  0 WARNING(S),  0 ERROR(S)
